
> web-app@0.0.0 dev
> vite --host :: --port 3000 --host 0.0.0.0 --port 3000


  VITE v4.5.14  ready in 842 ms

  ➜  Local:   http://localhost:3000/
  ➜  Network: http://192.168.1.108:3000/
11:49:58 PM [vite] hmr update /src/components/AgencyRegistrationStep.jsx, /src/index.css
11:50:09 PM [vite] hmr update /src/components/AgencyRegistrationStep.jsx, /src/index.css
11:50:25 PM [vite] hmr update /src/components/AgencyRegistrationStep.jsx, /src/index.css
11:50:36 PM [vite] hmr update /src/components/AgencyRegistrationStep.jsx, /src/index.css
11:50:48 PM [vite] hmr update /src/components/AgencyRegistrationStep.jsx, /src/index.css
11:51:03 PM [vite] hmr update /src/components/AgencyRegistrationStep.jsx, /src/index.css
11:51:15 PM [vite] hmr update /src/components/AgencyRegistrationStep.jsx, /src/index.css
11:51:37 PM [vite] hmr update /src/components/AgencyRegistrationStep.jsx, /src/index.css
11:52:07 PM [vite] hmr update /src/components/AgencyRegistrationStep.jsx, /src/index.css
11:52:52 PM [vite] hmr update /src/components/AgencyRegistrationStep.jsx, /src/index.css
11:53:15 PM [vite] hmr update /src/components/AgencyRegistrationStep.jsx, /src/index.css
11:53:27 PM [vite] hmr update /src/components/AgencyRegistrationStep.jsx, /src/index.css
11:53:38 PM [vite] hmr update /src/components/AgencyRegistrationStep.jsx, /src/index.css
11:53:52 PM [vite] hmr update /src/components/AgencyRegistrationStep.jsx, /src/index.css
11:54:06 PM [vite] hmr update /src/components/AgencyRegistrationStep.jsx, /src/index.css
11:54:29 PM [vite] hmr update /src/components/AgencyRegistrationStep.jsx, /src/index.css
11:54:34 PM [vite] hmr update /src/components/AgencyRegistrationStep.jsx, /src/index.css
11:56:03 PM [vite] hmr update /src/components/AgencyRegistrationStep.jsx, /src/index.css
11:56:13 PM [vite] hmr update /src/components/AgencyRegistrationStep.jsx, /src/index.css
11:56:14 PM [vite] hmr update /src/components/AgencyRegistrationStep.jsx, /src/index.css
11:56:41 PM [vite] hmr update /src/components/AgencyRegistrationStep.jsx, /src/index.css
12:01:31 AM [vite] hmr update /src/components/ProjectStatusDetail.jsx, /src/index.css
12:01:50 AM [vite] hmr update /src/components/ProjectStatusDetail.jsx, /src/index.css
12:02:26 AM [vite] hmr update /src/components/ProjectStatusDetail.jsx, /src/index.css
12:03:01 AM [vite] hmr update /src/components/ProjectStatusDetail.jsx, /src/index.css
12:06:19 AM [vite] hmr update /src/components/ApprovalQueue.jsx, /src/index.css
12:06:37 AM [vite] hmr update /src/components/ApprovalQueue.jsx, /src/index.css
12:06:48 AM [vite] hmr update /src/components/ApprovalQueue.jsx, /src/index.css
12:07:18 AM [vite] hmr update /src/components/ApprovalQueue.jsx, /src/index.css
12:08:08 AM [vite] hmr update /src/components/ApprovalQueue.jsx, /src/index.css
12:08:31 AM [vite] hmr update /src/components/ApprovalQueue.jsx, /src/index.css
12:09:39 AM [vite] hmr update /src/components/ApprovalQueue.jsx, /src/index.css
12:10:08 AM [vite] hmr update /src/components/ApprovalQueue.jsx, /src/index.css
12:10:35 AM [vite] hmr update /src/components/ApprovalQueue.jsx, /src/index.css
12:12:08 AM [vite] hmr update /src/components/MaintenanceSchedule.jsx, /src/index.css
12:12:34 AM [vite] hmr update /src/components/MaintenanceSchedule.jsx, /src/index.css
12:12:47 AM [vite] hmr update /src/components/MaintenanceSchedule.jsx, /src/index.css
12:12:47 AM [vite] hmr update /src/components/MaintenanceSchedule.jsx, /src/index.css
12:13:10 AM [vite] hmr update /src/components/MaintenanceSchedule.jsx, /src/index.css
12:13:26 AM [vite] hmr update /src/components/MaintenanceSchedule.jsx, /src/index.css
12:13:39 AM [vite] hmr update /src/components/MaintenanceSchedule.jsx, /src/index.css
12:13:48 AM [vite] hmr update /src/components/MaintenanceSchedule.jsx, /src/index.css
12:14:02 AM [vite] hmr update /src/components/MaintenanceSchedule.jsx, /src/index.css
12:15:51 AM [vite] hmr update /src/components/MaintenanceSchedule.jsx, /src/index.css
12:16:04 AM [vite] hmr update /src/components/MaintenanceSchedule.jsx, /src/index.css
12:16:56 AM [vite] hmr update /src/components/MaintenanceSchedule.jsx, /src/index.css
12:17:34 AM [vite] hmr update /src/components/MaintenanceSchedule.jsx, /src/index.css
12:17:57 AM [vite] hmr update /src/components/MaintenanceSchedule.jsx, /src/index.css
12:18:07 AM [vite] hmr update /src/components/MaintenanceSchedule.jsx, /src/index.css
12:18:19 AM [vite] hmr update /src/components/MaintenanceSchedule.jsx, /src/index.css
12:18:31 AM [vite] hmr update /src/components/MaintenanceSchedule.jsx, /src/index.css
12:19:17 AM [vite] hmr update /src/components/MaintenanceSchedule.jsx, /src/index.css
12:20:49 AM [vite] hmr update /src/components/EditAgency.jsx, /src/index.css
12:21:02 AM [vite] hmr update /src/components/EditAgency.jsx, /src/index.css
12:21:02 AM [vite] hmr update /src/components/EditAgency.jsx, /src/index.css
12:21:14 AM [vite] hmr update /src/components/EditAgency.jsx, /src/index.css
12:21:30 AM [vite] hmr update /src/components/EditAgency.jsx, /src/index.css
12:21:47 AM [vite] hmr update /src/components/EditAgency.jsx, /src/index.css
12:22:11 AM [vite] hmr update /src/components/EditAgency.jsx, /src/index.css
12:22:54 AM [vite] hmr update /src/components/EditAgency.jsx, /src/index.css
12:27:06 AM [vite] hmr update /src/components/EditAgency.jsx, /src/index.css
12:27:56 AM [vite] hmr update /src/components/EditAgency.jsx, /src/index.css
12:28:22 AM [vite] hmr update /src/components/EditAgency.jsx, /src/index.css
12:28:41 AM [vite] hmr update /src/components/EditAgency.jsx, /src/index.css
12:29:16 AM [vite] hmr update /src/components/EditAgency.jsx, /src/index.css
12:46:48 AM [vite] hmr update /src/components/EditAgency.jsx, /src/index.css
12:47:07 AM [vite] hmr update /src/components/EditAgency.jsx, /src/index.css
12:47:26 AM [vite] hmr update /src/components/EditAgency.jsx, /src/index.css
12:48:13 AM [vite] hmr update /src/components/EditAgency.jsx, /src/index.css
